#
# There is insufficient memory for the Java Runtime Environment to continue.
# Native memory allocation (malloc) failed to allocate 32744 bytes for ChunkPool::allocate
# Possible reasons:
#   The system is out of physical RAM or swap space
#   The process is running with CompressedOops enabled, and the Java Heap may be blocking the growth of the native heap
# Possible solutions:
#   Reduce memory load on the system
#   Increase physical memory or swap space
#   Check if swap backing store is full
#   Decrease Java heap size (-Xmx/-Xms)
#   Decrease number of Java threads
#   Decrease Java thread stack sizes (-Xss)
#   Set larger code cache with -XX:ReservedCodeCacheSize=
#   JVM is running with Zero Based Compressed Oops mode in which the Java heap is
#     placed in the first 32GB address space. The Java Heap base address is the
#     maximum limit for the native heap growth. Please use -XX:HeapBaseMinAddress
#     to set the Java Heap base and to place the Java Heap above 32GB virtual address.
# This output file may be truncated or incomplete.
#
#  Out of Memory Error (arena.cpp:78), pid=27468, tid=22288
#
# JRE version: OpenJDK Runtime Environment Temurin-17.0.1+12 (17.0.1+12) (build 17.0.1+12)
# Java VM: OpenJDK 64-Bit Server VM Temurin-17.0.1+12 (17.0.1+12, mixed mode, tiered, compressed oops, compressed class ptrs, g1 gc, windows-amd64)
# No core dump will be written. Minidumps are not enabled by default on client versions of Windows
#

---------------  S U M M A R Y ------------

Command Line: -Dfile.encoding=EUC-KR -XX:+ShowCodeDetailsInExceptionMessages main.Main

Host: Intel(R) Core(TM) i5-10400 CPU @ 2.90GHz, 12 cores, 15G,  Windows 10 , 64 bit Build 19041 (10.0.19041.1706)
Time: Tue May 24 22:05:54 2022  Windows 10 , 64 bit Build 19041 (10.0.19041.1706) elapsed time: 0.532599 seconds (0d 0h 0m 0s)

---------------  T H R E A D  ---------------

Current thread (0x0000018e73c965e0):  JavaThread "C2 CompilerThread0" daemon [_thread_in_native, id=22288, stack(0x0000002cbdc00000,0x0000002cbdd00000)]


Current CompileTask:
C2:    532  504   !   4       sun.awt.image.PNGImageDecoder::produceImage (1917 bytes)

Stack: [0x0000002cbdc00000,0x0000002cbdd00000]
Native frames: (J=compiled Java code, j=interpreted, Vv=VM code, C=native code)
V  [jvm.dll+0x6744da]
V  [jvm.dll+0x82e144]
V  [jvm.dll+0x82f8ee]
V  [jvm.dll+0x82ff53]
V  [jvm.dll+0x245175]
V  [jvm.dll+0xabaa0]
V  [jvm.dll+0xabdec]
V  [jvm.dll+0x36818c]
V  [jvm.dll+0x55ea88]
V  [jvm.dll+0x55daa0]
V  [jvm.dll+0x55e6a3]
V  [jvm.dll+0x32d4f0]
V  [jvm.dll+0x32c96a]
V  [jvm.dll+0x218031]
V  [jvm.dll+0x217451]
V  [jvm.dll+0x1a355d]
V  [jvm.dll+0x226e38]
V  [jvm.dll+0x224f7c]
V  [jvm.dll+0x7e3f5b]
V  [jvm.dll+0x7de51a]
V  [jvm.dll+0x673305]
C  [ucrtbase.dll+0x21bb2]
C  [KERNEL32.DLL+0x17034]
C  [ntdll.dll+0x52651]


---------------  P R O C E S S  ---------------

Threads class SMR info:
_java_thread_list=0x0000018e7c000670, length=17, elements={
0x0000018e5426d720, 0x0000018e732b8570, 0x0000018e73c27500, 0x0000018e73c857b0,
0x0000018e73c88080, 0x0000018e73c89a40, 0x0000018e73c8d8f0, 0x0000018e73c965e0,
0x0000018e73c96fd0, 0x0000018e73caa5a0, 0x0000018e73df2fc0, 0x0000018e73e05cb0,
0x0000018e73ffdd90, 0x0000018e73ffe260, 0x0000018e73ffe730, 0x0000018e74567090,
0x0000018e7c000080
}

Java Threads: ( => current thread )
  0x0000018e5426d720 JavaThread "main" [_thread_blocked, id=26472, stack(0x0000002cbcf00000,0x0000002cbd000000)]
  0x0000018e732b8570 JavaThread "Reference Handler" daemon [_thread_blocked, id=25484, stack(0x0000002cbd600000,0x0000002cbd700000)]
  0x0000018e73c27500 JavaThread "Finalizer" daemon [_thread_blocked, id=7160, stack(0x0000002cbd700000,0x0000002cbd800000)]
  0x0000018e73c857b0 JavaThread "Signal Dispatcher" daemon [_thread_blocked, id=3900, stack(0x0000002cbd800000,0x0000002cbd900000)]
  0x0000018e73c88080 JavaThread "Attach Listener" daemon [_thread_blocked, id=19956, stack(0x0000002cbd900000,0x0000002cbda00000)]
  0x0000018e73c89a40 JavaThread "Service Thread" daemon [_thread_blocked, id=25424, stack(0x0000002cbda00000,0x0000002cbdb00000)]
  0x0000018e73c8d8f0 JavaThread "Monitor Deflation Thread" daemon [_thread_blocked, id=25228, stack(0x0000002cbdb00000,0x0000002cbdc00000)]
=>0x0000018e73c965e0 JavaThread "C2 CompilerThread0" daemon [_thread_in_native, id=22288, stack(0x0000002cbdc00000,0x0000002cbdd00000)]
  0x0000018e73c96fd0 JavaThread "C1 CompilerThread0" daemon [_thread_blocked, id=27060, stack(0x0000002cbdd00000,0x0000002cbde00000)]
  0x0000018e73caa5a0 JavaThread "Sweeper thread" daemon [_thread_blocked, id=4940, stack(0x0000002cbde00000,0x0000002cbdf00000)]
  0x0000018e73df2fc0 JavaThread "Notification Thread" daemon [_thread_blocked, id=10236, stack(0x0000002cbdf00000,0x0000002cbe000000)]
  0x0000018e73e05cb0 JavaThread "Common-Cleaner" daemon [_thread_blocked, id=11256, stack(0x0000002cbe100000,0x0000002cbe200000)]
  0x0000018e73ffdd90 JavaThread "Java2D Disposer" daemon [_thread_blocked, id=22940, stack(0x0000002cbe200000,0x0000002cbe300000)]
  0x0000018e73ffe260 JavaThread "AWT-Shutdown" [_thread_blocked, id=23780, stack(0x0000002cbe300000,0x0000002cbe400000)]
  0x0000018e73ffe730 JavaThread "AWT-Windows" daemon [_thread_in_native, id=17636, stack(0x0000002cbe400000,0x0000002cbe500000)]
  0x0000018e74567090 JavaThread "Image Fetcher 0" daemon [_thread_in_Java, id=12936, stack(0x0000002cbe770000,0x0000002cbe870000)]
  0x0000018e7c000080 JavaThread "C2 CompilerThread1" daemon [_thread_in_native, id=27288, stack(0x0000002cbe870000,0x0000002cbe970000)]

Other Threads:
  0x0000018e732b7d00 VMThread "VM Thread" [stack: 0x0000002cbd500000,0x0000002cbd600000] [id=4968]
  0x0000018e542d8740 WatcherThread [stack: 0x0000002cbe000000,0x0000002cbe100000] [id=23840]
  0x0000018e542bfe90 GCTaskThread "GC Thread#0" [stack: 0x0000002cbd000000,0x0000002cbd100000] [id=25512]
  0x0000018e542d1480 ConcurrentGCThread "G1 Main Marker" [stack: 0x0000002cbd100000,0x0000002cbd200000] [id=5816]
  0x0000018e542d2ea0 ConcurrentGCThread "G1 Conc#0" [stack: 0x0000002cbd200000,0x0000002cbd300000] [id=8744]
  0x0000018e731260e0 ConcurrentGCThread "G1 Refine#0" [stack: 0x0000002cbd300000,0x0000002cbd400000] [id=25040]
  0x0000018e73126b00 ConcurrentGCThread "G1 Service" [stack: 0x0000002cbd400000,0x0000002cbd500000] [id=16692]

Threads with active compile tasks:
C2 CompilerThread0      549  504   !   4       sun.awt.image.PNGImageDecoder::produceImage (1917 bytes)
C2 CompilerThread1      549  539 %     4       java.awt.image.AreaAveragingScaleFilter::accumPixels @ 161 (545 bytes)

VM state: not at safepoint (normal execution)

VM Mutex/Monitor currently owned by a thread: None

Heap address: 0x0000000700e00000, size: 4082 MB, Compressed Oops mode: Zero based, Oop shift amount: 3

CDS archive(s) not mapped
Compressed class space mapped at: 0x0000000800000000-0x0000000840000000, reserved size: 1073741824
Narrow klass base: 0x0000000800000000, Narrow klass shift: 0, Narrow klass range: 0x40000000

GC Precious Log:
 CPUs: 12 total, 12 available
 Memory: 16322M
 Large Page Support: Disabled
 NUMA Support: Disabled
 Compressed Oops: Enabled (Zero based)
 Heap Region Size: 2M
 Heap Min Capacity: 8M
 Heap Initial Capacity: 256M
 Heap Max Capacity: 4082M
 Pre-touch: Disabled
 Parallel Workers: 10
 Concurrent Workers: 3
 Concurrent Refinement Workers: 10
 Periodic GC: Disabled

Heap:
 garbage-first heap   total 262144K, used 20480K [0x0000000700e00000, 0x0000000800000000)
  region size 2048K, 7 young (14336K), 0 survivors (0K)
 Metaspace       used 10421K, committed 10624K, reserved 1064960K
  class space    used 1020K, committed 1152K, reserved 1048576K

Heap Regions: E=young(eden), S=young(survivor), O=old, HS=humongous(starts), HC=humongous(continues), CS=collection set, F=free, OA=open archive, CA=closed archive, TAMS=top-at-mark-start (previous, next)
|   0|0x0000000700e00000, 0x0000000701000000, 0x0000000701000000|100%|HS|  |TAMS 0x0000000700e00000, 0x0000000700e00000| Complete 
|   1|0x0000000701000000, 0x0000000701200000, 0x0000000701200000|100%|HC|  |TAMS 0x0000000701000000, 0x0000000701000000| Complete 
|   2|0x0000000701200000, 0x0000000701400000, 0x0000000701400000|100%|HC|  |TAMS 0x0000000701200000, 0x0000000701200000| Complete 
|   3|0x0000000701400000, 0x0000000701600000, 0x0000000701600000|100%|HC|  |TAMS 0x0000000701400000, 0x0000000701400000| Complete 
|   4|0x0000000701600000, 0x0000000701600000, 0x0000000701800000|  0%| F|  |TAMS 0x0000000701600000, 0x0000000701600000| Untracked 
|   5|0x0000000701800000, 0x0000000701800000, 0x0000000701a00000|  0%| F|  |TAMS 0x0000000701800000, 0x0000000701800000| Untracked 
|   6|0x0000000701a00000, 0x0000000701a00000, 0x0000000701c00000|  0%| F|  |TAMS 0x0000000701a00000, 0x0000000701a00000| Untracked 
|   7|0x0000000701c00000, 0x0000000701c00000, 0x0000000701e00000|  0%| F|  |TAMS 0x0000000701c00000, 0x0000000701c00000| Untracked 
|   8|0x0000000701e00000, 0x0000000701e00000, 0x0000000702000000|  0%| F|  |TAMS 0x0000000701e00000, 0x0000000701e00000| Untracked 
|   9|0x0000000702000000, 0x0000000702000000, 0x0000000702200000|  0%| F|  |TAMS 0x0000000702000000, 0x0000000702000000| Untracked 
|  10|0x0000000702200000, 0x0000000702200000, 0x0000000702400000|  0%| F|  |TAMS 0x0000000702200000, 0x0000000702200000| Untracked 
|  11|0x0000000702400000, 0x0000000702400000, 0x0000000702600000|  0%| F|  |TAMS 0x0000000702400000, 0x0000000702400000| Untracked 
|  12|0x0000000702600000, 0x0000000702600000, 0x0000000702800000|  0%| F|  |TAMS 0x0000000702600000, 0x0000000702600000| Untracked 
|  13|0x0000000702800000, 0x0000000702800000, 0x0000000702a00000|  0%| F|  |TAMS 0x0000000702800000, 0x0000000702800000| Untracked 
|  14|0x0000000702a00000, 0x0000000702a00000, 0x0000000702c00000|  0%| F|  |TAMS 0x0000000702a00000, 0x0000000702a00000| Untracked 
|  15|0x0000000702c00000, 0x0000000702c00000, 0x0000000702e00000|  0%| F|  |TAMS 0x0000000702c00000, 0x0000000702c00000| Untracked 
|  16|0x0000000702e00000, 0x0000000702e00000, 0x0000000703000000|  0%| F|  |TAMS 0x0000000702e00000, 0x0000000702e00000| Untracked 
|  17|0x0000000703000000, 0x0000000703000000, 0x0000000703200000|  0%| F|  |TAMS 0x0000000703000000, 0x0000000703000000| Untracked 
|  18|0x0000000703200000, 0x0000000703200000, 0x0000000703400000|  0%| F|  |TAMS 0x0000000703200000, 0x0000000703200000| Untracked 
|  19|0x0000000703400000, 0x0000000703400000, 0x0000000703600000|  0%| F|  |TAMS 0x0000000703400000, 0x0000000703400000| Untracked 
|  20|0x0000000703600000, 0x0000000703600000, 0x0000000703800000|  0%| F|  |TAMS 0x0000000703600000, 0x0000000703600000| Untracked 
|  21|0x0000000703800000, 0x0000000703800000, 0x0000000703a00000|  0%| F|  |TAMS 0x0000000703800000, 0x0000000703800000| Untracked 
|  22|0x0000000703a00000, 0x0000000703a00000, 0x0000000703c00000|  0%| F|  |TAMS 0x0000000703a00000, 0x0000000703a00000| Untracked 
|  23|0x0000000703c00000, 0x0000000703c00000, 0x0000000703e00000|  0%| F|  |TAMS 0x0000000703c00000, 0x0000000703c00000| Untracked 
|  24|0x0000000703e00000, 0x0000000703e00000, 0x0000000704000000|  0%| F|  |TAMS 0x0000000703e00000, 0x0000000703e00000| Untracked 
|  25|0x0000000704000000, 0x0000000704000000, 0x0000000704200000|  0%| F|  |TAMS 0x0000000704000000, 0x0000000704000000| Untracked 
|  26|0x0000000704200000, 0x0000000704200000, 0x0000000704400000|  0%| F|  |TAMS 0x0000000704200000, 0x0000000704200000| Untracked 
|  27|0x0000000704400000, 0x0000000704400000, 0x0000000704600000|  0%| F|  |TAMS 0x0000000704400000, 0x0000000704400000| Untracked 
|  28|0x0000000704600000, 0x0000000704600000, 0x0000000704800000|  0%| F|  |TAMS 0x0000000704600000, 0x0000000704600000| Untracked 
|  29|0x0000000704800000, 0x0000000704800000, 0x0000000704a00000|  0%| F|  |TAMS 0x0000000704800000, 0x0000000704800000| Untracked 
|  30|0x0000000704a00000, 0x0000000704a00000, 0x0000000704c00000|  0%| F|  |TAMS 0x0000000704a00000, 0x0000000704a00000| Untracked 
|  31|0x0000000704c00000, 0x0000000704c00000, 0x0000000704e00000|  0%| F|  |TAMS 0x0000000704c00000, 0x0000000704c00000| Untracked 
|  32|0x0000000704e00000, 0x0000000704e00000, 0x0000000705000000|  0%| F|  |TAMS 0x0000000704e00000, 0x0000000704e00000| Untracked 
|  33|0x0000000705000000, 0x0000000705000000, 0x0000000705200000|  0%| F|  |TAMS 0x0000000705000000, 0x0000000705000000| Untracked 
|  34|0x0000000705200000, 0x0000000705200000, 0x0000000705400000|  0%| F|  |TAMS 0x0000000705200000, 0x0000000705200000| Untracked 
|  35|0x0000000705400000, 0x0000000705400000, 0x0000000705600000|  0%| F|  |TAMS 0x0000000705400000, 0x0000000705400000| Untracked 
|  36|0x0000000705600000, 0x0000000705600000, 0x0000000705800000|  0%| F|  |TAMS 0x0000000705600000, 0x0000000705600000| Untracked 
|  37|0x0000000705800000, 0x0000000705800000, 0x0000000705a00000|  0%| F|  |TAMS 0x0000000705800000, 0x0000000705800000| Untracked 
|  38|0x0000000705a00000, 0x0000000705a00000, 0x0000000705c00000|  0%| F|  |TAMS 0x0000000705a00000, 0x0000000705a00000| Untracked 
|  39|0x0000000705c00000, 0x0000000705c00000, 0x0000000705e00000|  0%| F|  |TAMS 0x0000000705c00000, 0x0000000705c00000| Untracked 
|  40|0x0000000705e00000, 0x0000000705e00000, 0x0000000706000000|  0%| F|  |TAMS 0x0000000705e00000, 0x0000000705e00000| Untracked 
|  41|0x0000000706000000, 0x0000000706000000, 0x0000000706200000|  0%| F|  |TAMS 0x0000000706000000, 0x0000000706000000| Untracked 
|  42|0x0000000706200000, 0x0000000706200000, 0x0000000706400000|  0%| F|  |TAMS 0x0000000706200000, 0x0000000706200000| Untracked 
|  43|0x0000000706400000, 0x0000000706400000, 0x0000000706600000|  0%| F|  |TAMS 0x0000000706400000, 0x0000000706400000| Untracked 
|  44|0x0000000706600000, 0x0000000706600000, 0x0000000706800000|  0%| F|  |TAMS 0x0000000706600000, 0x0000000706600000| Untracked 
|  45|0x0000000706800000, 0x0000000706800000, 0x0000000706a00000|  0%| F|  |TAMS 0x0000000706800000, 0x0000000706800000| Untracked 
|  46|0x0000000706a00000, 0x0000000706a00000, 0x0000000706c00000|  0%| F|  |TAMS 0x0000000706a00000, 0x0000000706a00000| Untracked 
|  47|0x0000000706c00000, 0x0000000706c00000, 0x0000000706e00000|  0%| F|  |TAMS 0x0000000706c00000, 0x0000000706c00000| Untracked 
|  48|0x0000000706e00000, 0x0000000706e00000, 0x0000000707000000|  0%| F|  |TAMS 0x0000000706e00000, 0x0000000706e00000| Untracked 
|  49|0x0000000707000000, 0x0000000707000000, 0x0000000707200000|  0%| F|  |TAMS 0x0000000707000000, 0x0000000707000000| Untracked 
|  50|0x0000000707200000, 0x0000000707200000, 0x0000000707400000|  0%| F|  |TAMS 0x0000000707200000, 0x0000000707200000| Untracked 
|  51|0x0000000707400000, 0x0000000707400000, 0x0000000707600000|  0%| F|  |TAMS 0x0000000707400000, 0x0000000707400000| Untracked 
|  52|0x0000000707600000, 0x0000000707600000, 0x0000000707800000|  0%| F|  |TAMS 0x0000000707600000, 0x0000000707600000| Untracked 
|  53|0x0000000707800000, 0x0000000707800000, 0x0000000707a00000|  0%| F|  |TAMS 0x0000000707800000, 0x0000000707800000| Untracked 
|  54|0x0000000707a00000, 0x0000000707a00000, 0x0000000707c00000|  0%| F|  |TAMS 0x0000000707a00000, 0x0000000707a00000| Untracked 
|  55|0x0000000707c00000, 0x0000000707c00000, 0x0000000707e00000|  0%| F|  |TAMS 0x0000000707c00000, 0x0000000707c00000| Untracked 
|  56|0x0000000707e00000, 0x0000000707e00000, 0x0000000708000000|  0%| F|  |TAMS 0x0000000707e00000, 0x0000000707e00000| Untracked 
|  57|0x0000000708000000, 0x0000000708000000, 0x0000000708200000|  0%| F|  |TAMS 0x0000000708000000, 0x0000000708000000| Untracked 
|  58|0x0000000708200000, 0x0000000708200000, 0x0000000708400000|  0%| F|  |TAMS 0x0000000708200000, 0x0000000708200000| Untracked 
|  59|0x0000000708400000, 0x0000000708400000, 0x0000000708600000|  0%| F|  |TAMS 0x0000000708400000, 0x0000000708400000| Untracked 
|  60|0x0000000708600000, 0x0000000708600000, 0x0000000708800000|  0%| F|  |TAMS 0x0000000708600000, 0x0000000708600000| Untracked 
|  61|0x0000000708800000, 0x0000000708800000, 0x0000000708a00000|  0%| F|  |TAMS 0x0000000708800000, 0x0000000708800000| Untracked 
|  62|0x0000000708a00000, 0x0000000708a00000, 0x0000000708c00000|  0%| F|  |TAMS 0x0000000708a00000, 0x0000000708a00000| Untracked 
|  63|0x0000000708c00000, 0x0000000708c00000, 0x0000000708e00000|  0%| F|  |TAMS 0x0000000708c00000, 0x0000000708c00000| Untracked 
|  64|0x0000000708e00000, 0x0000000708e00000, 0x0000000709000000|  0%| F|  |TAMS 0x0000000708e00000, 0x0000000708e00000| Untracked 
|  65|0x0000000709000000, 0x0000000709000000, 0x0000000709200000|  0%| F|  |TAMS 0x0000000709000000, 0x0000000709000000| Untracked 
|  66|0x0000000709200000, 0x0000000709200000, 0x0000000709400000|  0%| F|  |TAMS 0x0000000709200000, 0x0000000709200000| Untracked 
|  67|0x0000000709400000, 0x0000000709400000, 0x0000000709600000|  0%| F|  |TAMS 0x0000000709400000, 0x0000000709400000| Untracked 
|  68|0x0000000709600000, 0x0000000709600000, 0x0000000709800000|  0%| F|  |TAMS 0x0000000709600000, 0x0000000709600000| Untracked 
|  69|0x0000000709800000, 0x0000000709800000, 0x0000000709a00000|  0%| F|  |TAMS 0x0000000709800000, 0x0000000709800000| Untracked 
|  70|0x0000000709a00000, 0x0000000709a00000, 0x0000000709c00000|  0%| F|  |TAMS 0x0000000709a00000, 0x0000000709a00000| Untracked 
|  71|0x0000000709c00000, 0x0000000709c00000, 0x0000000709e00000|  0%| F|  |TAMS 0x0000000709c00000, 0x0000000709c00000| Untracked 
|  72|0x0000000709e00000, 0x0000000709e00000, 0x000000070a000000|  0%| F|  |TAMS 0x0000000709e00000, 0x0000000709e00000| Untracked 
|  73|0x000000070a000000, 0x000000070a000000, 0x000000070a200000|  0%| F|  |TAMS 0x000000070a000000, 0x000000070a000000| Untracked 
|  74|0x000000070a200000, 0x000000070a200000, 0x000000070a400000|  0%| F|  |TAMS 0x000000070a200000, 0x000000070a200000| Untracked 
|  75|0x000000070a400000, 0x000000070a400000, 0x000000070a600000|  0%| F|  |TAMS 0x000000070a400000, 0x000000070a400000| Untracked 
|  76|0x000000070a600000, 0x000000070a600000, 0x000000070a800000|  0%| F|  |TAMS 0x000000070a600000, 0x000000070a600000| Untracked 
|  77|0x000000070a800000, 0x000000070a800000, 0x000000070aa00000|  0%| F|  |TAMS 0x000000070a800000, 0x000000070a800000| Untracked 
|  78|0x000000070aa00000, 0x000000070aa00000, 0x000000070ac00000|  0%| F|  |TAMS 0x000000070aa00000, 0x000000070aa00000| Untracked 
|  79|0x000000070ac00000, 0x000000070ac00000, 0x000000070ae00000|  0%| F|  |TAMS 0x000000070ac00000, 0x000000070ac00000| Untracked 
|  80|0x000000070ae00000, 0x000000070ae00000, 0x000000070b000000|  0%| F|  |TAMS 0x000000070ae00000, 0x000000070ae00000| Untracked 
|  81|0x000000070b000000, 0x000000070b000000, 0x000000070b200000|  0%| F|  |TAMS 0x000000070b000000, 0x000000070b000000| Untracked 
|  82|0x000000070b200000, 0x000000070b200000, 0x000000070b400000|  0%| F|  |TAMS 0x000000070b200000, 0x000000070b200000| Untracked 
|  83|0x000000070b400000, 0x000000070b400000, 0x000000070b600000|  0%| F|  |TAMS 0x000000070b400000, 0x000000070b400000| Untracked 
|  84|0x000000070b600000, 0x000000070b600000, 0x000000070b800000|  0%| F|  |TAMS 0x000000070b600000, 0x000000070b600000| Untracked 
|  85|0x000000070b800000, 0x000000070b800000, 0x000000070ba00000|  0%| F|  |TAMS 0x000000070b800000, 0x000000070b800000| Untracked 
|  86|0x000000070ba00000, 0x000000070ba00000, 0x000000070bc00000|  0%| F|  |TAMS 0x000000070ba00000, 0x000000070ba00000| Untracked 
|  87|0x000000070bc00000, 0x000000070bc00000, 0x000000070be00000|  0%| F|  |TAMS 0x000000070bc00000, 0x000000070bc00000| Untracked 
|  88|0x000000070be00000, 0x000000070be00000, 0x000000070c000000|  0%| F|  |TAMS 0x000000070be00000, 0x000000070be00000| Untracked 
|  89|0x000000070c000000, 0x000000070c000000, 0x000000070c200000|  0%| F|  |TAMS 0x000000070c000000, 0x000000070c000000| Untracked 
|  90|0x000000070c200000, 0x000000070c200000, 0x000000070c400000|  0%| F|  |TAMS 0x000000070c200000, 0x000000070c200000| Untracked 
|  91|0x000000070c400000, 0x000000070c400000, 0x000000070c600000|  0%| F|  |TAMS 0x000000070c400000, 0x000000070c400000| Untracked 
|  92|0x000000070c600000, 0x000000070c600000, 0x000000070c800000|  0%| F|  |TAMS 0x000000070c600000, 0x000000070c600000| Untracked 
|  93|0x000000070c800000, 0x000000070c800000, 0x000000070ca00000|  0%| F|  |TAMS 0x000000070c800000, 0x000000070c800000| Untracked 
|  94|0x000000070ca00000, 0x000000070ca00000, 0x000000070cc00000|  0%| F|  |TAMS 0x000000070ca00000, 0x000000070ca00000| Untracked 
|  95|0x000000070cc00000, 0x000000070cc00000, 0x000000070ce00000|  0%| F|  |TAMS 0x000000070cc00000, 0x000000070cc00000| Untracked 
|  96|0x000000070ce00000, 0x000000070ce00000, 0x000000070d000000|  0%| F|  |TAMS 0x000000070ce00000, 0x000000070ce00000| Untracked 
|  97|0x000000070d000000, 0x000000070d000000, 0x000000070d200000|  0%| F|  |TAMS 0x000000070d000000, 0x000000070d000000| Untracked 
|  98|0x000000070d200000, 0x000000070d200000, 0x000000070d400000|  0%| F|  |TAMS 0x000000070d200000, 0x000000070d200000| Untracked 
|  99|0x000000070d400000, 0x000000070d400000, 0x000000070d600000|  0%| F|  |TAMS 0x000000070d400000, 0x000000070d400000| Untracked 
| 100|0x000000070d600000, 0x000000070d600000, 0x000000070d800000|  0%| F|  |TAMS 0x000000070d600000, 0x000000070d600000| Untracked 
| 101|0x000000070d800000, 0x000000070d800000, 0x000000070da00000|  0%| F|  |TAMS 0x000000070d800000, 0x000000070d800000| Untracked 
| 102|0x000000070da00000, 0x000000070da00000, 0x000000070dc00000|  0%| F|  |TAMS 0x000000070da00000, 0x000000070da00000| Untracked 
| 103|0x000000070dc00000, 0x000000070dc00000, 0x000000070de00000|  0%| F|  |TAMS 0x000000070dc00000, 0x000000070dc00000| Untracked 
| 104|0x000000070de00000, 0x000000070de00000, 0x000000070e000000|  0%| F|  |TAMS 0x000000070de00000, 0x000000070de00000| Untracked 
| 105|0x000000070e000000, 0x000000070e000000, 0x000000070e200000|  0%| F|  |TAMS 0x000000070e000000, 0x000000070e000000| Untracked 
| 106|0x000000070e200000, 0x000000070e200000, 0x000000070e400000|  0%| F|  |TAMS 0x000000070e200000, 0x000000070e200000| Untracked 
| 107|0x000000070e400000, 0x000000070e400000, 0x000000070e600000|  0%| F|  |TAMS 0x000000070e400000, 0x000000070e400000| Untracked 
| 108|0x000000070e600000, 0x000000070e600000, 0x000000070e800000|  0%| F|  |TAMS 0x000000070e600000, 0x000000070e600000| Untracked 
| 109|0x000000070e800000, 0x000000070e800000, 0x000000070ea00000|  0%| F|  |TAMS 0x000000070e800000, 0x000000070e800000| Untracked 
| 110|0x000000070ea00000, 0x000000070ea00000, 0x000000070ec00000|  0%| F|  |TAMS 0x000000070ea00000, 0x000000070ea00000| Untracked 
| 111|0x000000070ec00000, 0x000000070ec00000, 0x000000070ee00000|  0%| F|  |TAMS 0x000000070ec00000, 0x000000070ec00000| Untracked 
| 112|0x000000070ee00000, 0x000000070ee00000, 0x000000070f000000|  0%| F|  |TAMS 0x000000070ee00000, 0x000000070ee00000| Untracked 
| 113|0x000000070f000000, 0x000000070f000000, 0x000000070f200000|  0%| F|  |TAMS 0x000000070f000000, 0x000000070f000000| Untracked 
| 114|0x000000070f200000, 0x000000070f200000, 0x000000070f400000|  0%| F|  |TAMS 0x000000070f200000, 0x000000070f200000| Untracked 
| 115|0x000000070f400000, 0x000000070f400000, 0x000000070f600000|  0%| F|  |TAMS 0x000000070f400000, 0x000000070f400000| Untracked 
| 116|0x000000070f600000, 0x000000070f600000, 0x000000070f800000|  0%| F|  |TAMS 0x000000070f600000, 0x000000070f600000| Untracked 
| 117|0x000000070f800000, 0x000000070f800000, 0x000000070fa00000|  0%| F|  |TAMS 0x000000070f800000, 0x000000070f800000| Untracked 
| 118|0x000000070fa00000, 0x000000070fa00000, 0x000000070fc00000|  0%| F|  |TAMS 0x000000070fa00000, 0x000000070fa00000| Untracked 
| 119|0x000000070fc00000, 0x000000070fc00000, 0x000000070fe00000|  0%| F|  |TAMS 0x000000070fc00000, 0x000000070fc00000| Untracked 
| 120|0x000000070fe00000, 0x000000070fe00000, 0x0000000710000000|  0%| F|  |TAMS 0x000000070fe00000, 0x000000070fe00000| Untracked 
| 121|0x0000000710000000, 0x000000071016a9e0, 0x0000000710200000| 70%| E|  |TAMS 0x0000000710000000, 0x0000000710000000| Complete 
| 122|0x0000000710200000, 0x0000000710400000, 0x0000000710400000|100%| E|CS|TAMS 0x0000000710200000, 0x0000000710200000| Complete 
| 123|0x0000000710400000, 0x0000000710600000, 0x0000000710600000|100%| E|CS|TAMS 0x0000000710400000, 0x0000000710400000| Complete 
| 124|0x0000000710600000, 0x0000000710800000, 0x0000000710800000|100%| E|CS|TAMS 0x0000000710600000, 0x0000000710600000| Complete 
| 125|0x0000000710800000, 0x0000000710a00000, 0x0000000710a00000|100%| E|CS|TAMS 0x0000000710800000, 0x0000000710800000| Complete 
| 126|0x0000000710a00000, 0x0000000710c00000, 0x0000000710c00000|100%| E|CS|TAMS 0x0000000710a00000, 0x0000000710a00000| Complete 
| 127|0x0000000710c00000, 0x0000000710e00000, 0x0000000710e00000|100%| E|CS|TAMS 0x0000000710c00000, 0x0000000710c00000| Complete 

Card table byte_map: [0x0000018e67680000,0x0000018e67e80000] _byte_map_base: 0x0000018e63e79000

Marking Bits (Prev, Next): (CMBitMap*) 0x0000018e542c04a0, (CMBitMap*) 0x0000018e542c04e0
 Prev Bits: [0x0000018e68680000, 0x0000018e6c648000)
 Next Bits: [0x0000018e6c650000, 0x0000018e70618000)

Polling page: 0x0000018e51f30000

Metaspace:

Usage:
  Non-class:      9.18 MB used.
      Class:   1020.95 KB used.
       Both:     10.18 MB used.

Virtual space:
  Non-class space:       16.00 MB reserved,       9.25 MB ( 58%) committed,  2 nodes.
      Class space:        1.00 GB reserved,       1.12 MB ( <1%) committed,  1 nodes.
             Both:        1.02 GB reserved,      10.38 MB ( <1%) committed. 

Chunk freelists:
   Non-Class:  2.47 MB
       Class:  2.75 MB
        Both:  5.22 MB

MaxMetaspaceSize: unlimited
CompressedClassSpaceSize: 1.00 GB
Initial GC threshold: 21.00 MB
Current GC threshold: 21.00 MB
CDS: off
MetaspaceReclaimPolicy: balanced
 - commit_granule_bytes: 65536.
 - commit_granule_words: 8192.
 - virtual_space_node_default_size: 1048576.
 - enlarge_chunks_in_place: 1.
 - new_chunks_are_fully_committed: 0.
 - uncommit_free_chunks: 1.
 - use_allocation_guard: 0.
 - handle_deallocations: 1.


Internal statistics:

num_allocs_failed_limit: 0.
num_arena_births: 96.
num_arena_deaths: 0.
num_vsnodes_births: 3.
num_vsnodes_deaths: 0.
num_space_committed: 166.
num_space_uncommitted: 0.
num_chunks_returned_to_freelist: 0.
num_chunks_taken_from_freelist: 133.
num_chunk_merges: 0.
num_chunk_splits: 80.
num_chunks_enlarged: 48.
num_purges: 0.
num_inconsistent_stats: 0.

CodeHeap 'non-profiled nmethods': size=120000Kb used=173Kb max_used=173Kb free=119826Kb
 bounds [0x0000018e5f3f0000, 0x0000018e5f660000, 0x0000018e66920000]
CodeHeap 'profiled nmethods': size=120000Kb used=868Kb max_used=868Kb free=119131Kb
 bounds [0x0000018e57ec0000, 0x0000018e58130000, 0x0000018e5f3f0000]
CodeHeap 'non-nmethods': size=5760Kb used=1194Kb max_used=1213Kb free=4565Kb
 bounds [0x0000018e57920000, 0x0000018e57b90000, 0x0000018e57ec0000]
 total_blobs=1038 nmethods=541 adapters=410
 compilation: enabled
              stopped_count=0, restarted_count=0
 full_count=0

Compilation events (20 events):
Event: 0.478 Thread 0x0000018e73c965e0 nmethod 534 0x0000018e5f417410 code [0x0000018e5f4175e0, 0x0000018e5f417958]
Event: 0.478 Thread 0x0000018e73c965e0  532       4       java.awt.image.DirectColorModel::getGreen (45 bytes)
Event: 0.478 Thread 0x0000018e7c000080 nmethod 533 0x0000018e5f417c10 code [0x0000018e5f417dc0, 0x0000018e5f417f98]
Event: 0.478 Thread 0x0000018e7c000080  523 % !   4       sun.awt.image.ImageRepresentation::getOpaqueRGBImage @ 54 (164 bytes)
Event: 0.479 Thread 0x0000018e73c965e0 nmethod 532 0x0000018e5f418190 code [0x0000018e5f418340, 0x0000018e5f418518]
Event: 0.479 Thread 0x0000018e73c965e0  504   !   4       sun.awt.image.PNGImageDecoder::produceImage (1917 bytes)
Event: 0.485 Thread 0x0000018e73c96fd0  537 %     3       java.awt.image.AreaAveragingScaleFilter::accumPixels @ 161 (545 bytes)
Event: 0.486 Thread 0x0000018e73c96fd0 nmethod 537% 0x0000018e57f93a90 code [0x0000018e57f93d40, 0x0000018e57f952f8]
Event: 0.486 Thread 0x0000018e73c96fd0  538       3       java.awt.image.AreaAveragingScaleFilter::accumPixels (545 bytes)
Event: 0.487 Thread 0x0000018e73c96fd0 nmethod 538 0x0000018e57f95b90 code [0x0000018e57f95e40, 0x0000018e57f96fd8]
Event: 0.494 Thread 0x0000018e73c96fd0  540  s    3       sun.awt.image.InputStreamImageSource::doneDecoding (25 bytes)
Event: 0.494 Thread 0x0000018e73c96fd0 nmethod 540 0x0000018e57f97710 code [0x0000018e57f978c0, 0x0000018e57f97b68]
Event: 0.494 Thread 0x0000018e73c96fd0  541       3       sun.awt.image.InputStreamImageSource::latchConsumers (6 bytes)
Event: 0.494 Thread 0x0000018e73c96fd0 nmethod 541 0x0000018e57f97c10 code [0x0000018e57f97dc0, 0x0000018e57f98168]
Event: 0.494 Thread 0x0000018e73c96fd0  542       3       sun.awt.image.ImageDecoder::setPixels (58 bytes)
Event: 0.494 Thread 0x0000018e73c96fd0 nmethod 542 0x0000018e57f98290 code [0x0000018e57f98480, 0x0000018e57f98c28]
Event: 0.509 Thread 0x0000018e7c000080 nmethod 523% 0x0000018e5f418710 code [0x0000018e5f4189c0, 0x0000018e5f41a6c0]
Event: 0.509 Thread 0x0000018e7c000080  539 %     4       java.awt.image.AreaAveragingScaleFilter::accumPixels @ 161 (545 bytes)
Event: 0.515 Thread 0x0000018e73c96fd0  544       3       java.awt.image.AreaAveragingScaleFilter::setPixels (45 bytes)
Event: 0.515 Thread 0x0000018e73c96fd0 nmethod 544 0x0000018e57f98f10 code [0x0000018e57f990c0, 0x0000018e57f992d8]

GC Heap History (0 events):
No events

Deoptimization events (20 events):
Event: 0.465 Thread 0x0000018e74567090 DEOPT PACKING pc=0x0000018e57f6a16d sp=0x0000002cbe86ed80
Event: 0.465 Thread 0x0000018e74567090 DEOPT UNPACKING pc=0x0000018e57972b43 sp=0x0000002cbe86e1f0 mode 0
Event: 0.465 Thread 0x0000018e74567090 DEOPT PACKING pc=0x0000018e57f6a16d sp=0x0000002cbe86ed80
Event: 0.465 Thread 0x0000018e74567090 DEOPT UNPACKING pc=0x0000018e57972b43 sp=0x0000002cbe86e1f0 mode 0
Event: 0.465 Thread 0x0000018e74567090 DEOPT PACKING pc=0x0000018e57f6a16d sp=0x0000002cbe86ed80
Event: 0.465 Thread 0x0000018e74567090 DEOPT UNPACKING pc=0x0000018e57972b43 sp=0x0000002cbe86e1f0 mode 0
Event: 0.465 Thread 0x0000018e74567090 DEOPT PACKING pc=0x0000018e57f6a16d sp=0x0000002cbe86ed80
Event: 0.465 Thread 0x0000018e74567090 DEOPT UNPACKING pc=0x0000018e57972b43 sp=0x0000002cbe86e1f0 mode 0
Event: 0.466 Thread 0x0000018e74567090 DEOPT PACKING pc=0x0000018e57f6a16d sp=0x0000002cbe86ed80
Event: 0.466 Thread 0x0000018e74567090 DEOPT UNPACKING pc=0x0000018e57972b43 sp=0x0000002cbe86e1f0 mode 0
Event: 0.466 Thread 0x0000018e74567090 DEOPT PACKING pc=0x0000018e57f6a16d sp=0x0000002cbe86ed80
Event: 0.466 Thread 0x0000018e74567090 DEOPT UNPACKING pc=0x0000018e57972b43 sp=0x0000002cbe86e1f0 mode 0
Event: 0.466 Thread 0x0000018e74567090 Uncommon trap: trap_request=0xffffff45 fr.pc=0x0000018e5f4126d8 relative=0x0000000000000ab8
Event: 0.466 Thread 0x0000018e74567090 Uncommon trap: reason=unstable_if action=reinterpret pc=0x0000018e5f4126d8 method=sun.awt.image.PNGImageDecoder.produceImage()V @ 867 c2
Event: 0.466 Thread 0x0000018e74567090 DEOPT PACKING pc=0x0000018e5f4126d8 sp=0x0000002cbe86ee00
Event: 0.466 Thread 0x0000018e74567090 DEOPT UNPACKING pc=0x0000018e579723a3 sp=0x0000002cbe86ed20 mode 2
Event: 0.473 Thread 0x0000018e74567090 DEOPT PACKING pc=0x0000018e57f6a1b4 sp=0x0000002cbe86ecb0
Event: 0.473 Thread 0x0000018e74567090 DEOPT UNPACKING pc=0x0000018e57972b43 sp=0x0000002cbe86e150 mode 0
Event: 0.474 Thread 0x0000018e74567090 DEOPT PACKING pc=0x0000018e57f6a16d sp=0x0000002cbe86ecb0
Event: 0.474 Thread 0x0000018e74567090 DEOPT UNPACKING pc=0x0000018e57972b43 sp=0x0000002cbe86e150 mode 0

Classes unloaded (0 events):
No events

Classes redefined (0 events):
No events

Internal exceptions (11 events):
Event: 0.104 Thread 0x0000018e5426d720 Exception <a 'java/lang/ClassNotFoundException'{0x0000000710ddd6c8}: sun/awt/resources/spi/awtProvider> (0x0000000710ddd6c8) 
thrown [e:\jenkins\tmp\workspace\build\src\src\hotspot\share\classfile\systemDictionary.cpp, line 256]
Event: 0.124 Thread 0x0000018e5426d720 Exception <a 'java/io/FileNotFoundException'{0x0000000710a38b10}> (0x0000000710a38b10) 
thrown [e:\jenkins\tmp\workspace\build\src\src\hotspot\share\prims\jni.cpp, line 516]
Event: 0.128 Thread 0x0000018e5426d720 Exception <a 'java/io/FileNotFoundException'{0x0000000710a65c88}> (0x0000000710a65c88) 
thrown [e:\jenkins\tmp\workspace\build\src\src\hotspot\share\prims\jni.cpp, line 516]
Event: 0.161 Thread 0x0000018e5426d720 Exception <a 'java/lang/NoSuchMethodError'{0x0000000710ab7fe8}: 'java.lang.Object java.lang.invoke.DirectMethodHandle$Holder.invokeStaticInit(java.lang.Object)'> (0x0000000710ab7fe8) 
thrown [e:\jenkins\tmp\workspace\build\src\src\hotspot\share\interpreter\linkResolver.cpp, line 766]
Event: 0.360 Thread 0x0000018e5426d720 Exception <a 'java/lang/NoSuchMethodError'{0x0000000710b73950}: 'void java.lang.invoke.DirectMethodHandle$Holder.invokeSpecial(java.lang.Object, java.lang.Object, java.lang.Object)'> (0x0000000710b73950) 
thrown [e:\jenkins\tmp\workspace\build\src\src\hotspot\share\interpreter\linkResolver.cpp, line 766]
Event: 0.365 Thread 0x0000018e5426d720 Exception <a 'java/lang/NoSuchMethodError'{0x0000000710b9dc08}: 'java.lang.Object java.lang.invoke.DirectMethodHandle$Holder.newInvokeSpecial(java.lang.Object, java.lang.Object, java.lang.Object, java.lang.Object, java.lang.Object)'> (0x0000000710b9dc08) 
thrown [e:\jenkins\tmp\workspace\build\src\src\hotspot\share\interpreter\linkResolver.cpp, line 766]
Event: 0.366 Thread 0x0000018e5426d720 Exception <a 'java/lang/NoSuchMethodError'{0x0000000710ba95d0}: 'java.lang.Object java.lang.invoke.DirectMethodHandle$Holder.invokeStatic(java.lang.Object, int, java.lang.Object, java.lang.Object, java.lang.Object, java.lang.Object)'> (0x0000000710ba95d0) 
thrown [e:\jenkins\tmp\workspace\build\src\src\hotspot\share\interpreter\linkResolver.cpp, line 766]
Event: 0.369 Thread 0x0000018e5426d720 Exception <a 'java/lang/NoSuchMethodError'{0x0000000710bcefd8}: 'java.lang.Object java.lang.invoke.DirectMethodHandle$Holder.invokeStatic(java.lang.Object, int, java.lang.Object)'> (0x0000000710bcefd8) 
thrown [e:\jenkins\tmp\workspace\build\src\src\hotspot\share\interpreter\linkResolver.cpp, line 766]
Event: 0.384 Thread 0x0000018e5426d720 Exception <a 'java/lang/ClassNotFoundException'{0x0000000710887590}: com/sun/swing/internal/plaf/metal/resources/spi/metalProvider> (0x0000000710887590) 
thrown [e:\jenkins\tmp\workspace\build\src\src\hotspot\share\classfile\systemDictionary.cpp, line 256]
Event: 0.384 Thread 0x0000018e5426d720 Exception <a 'java/lang/ClassNotFoundException'{0x000000071088bfd8}: com/sun/swing/internal/plaf/basic/resources/spi/basicProvider> (0x000000071088bfd8) 
thrown [e:\jenkins\tmp\workspace\build\src\src\hotspot\share\classfile\systemDictionary.cpp, line 256]
Event: 0.400 Thread 0x0000018e74567090 Exception <a 'java/lang/NoSuchMethodError'{0x0000000710903c48}: 'java.lang.Object java.lang.invoke.DirectMethodHandle$Holder.newInvokeSpecial(java.lang.Object, java.lang.Object, java.lang.Object, int, int, int, int, int)'> (0x0000000710903c48) 
thrown [e:\jenkins\tmp\workspace\build\src\src\hotspot\share\interpreter\linkResolver.cpp, line 766]

VM Operations (4 events):
Event: 0.383 Executing VM operation: HandshakeAllThreads
Event: 0.384 Executing VM operation: HandshakeAllThreads done
Event: 0.473 Executing VM operation: HandshakeAllThreads
Event: 0.473 Executing VM operation: HandshakeAllThreads done

Events (20 events):
Event: 0.404 loading class sun/awt/image/IntegerComponentRaster
Event: 0.404 loading class sun/awt/image/IntegerComponentRaster done
Event: 0.404 loading class sun/awt/image/IntegerInterleavedRaster done
Event: 0.405 loading class java/awt/image/BufferedImage
Event: 0.405 loading class java/awt/image/WritableRenderedImage
Event: 0.405 loading class java/awt/image/RenderedImage
Event: 0.405 loading class java/awt/image/RenderedImage done
Event: 0.405 loading class java/awt/image/WritableRenderedImage done
Event: 0.405 loading class java/awt/image/BufferedImage done
Event: 0.405 loading class java/awt/image/BufferedImage$1
Event: 0.405 loading class java/awt/image/BufferedImage$1 done
Event: 0.472 loading class java/awt/image/AreaAveragingScaleFilter
Event: 0.472 loading class java/awt/image/ReplicateScaleFilter
Event: 0.472 loading class java/awt/image/ImageFilter
Event: 0.473 loading class java/awt/image/ImageFilter done
Event: 0.473 loading class java/awt/image/ReplicateScaleFilter done
Event: 0.473 loading class java/awt/image/AreaAveragingScaleFilter done
Event: 0.473 loading class java/awt/image/FilteredImageSource
Event: 0.473 loading class java/awt/image/FilteredImageSource done
Event: 0.476 Thread 0x0000018e7c000080 Thread added: 0x0000018e7c000080


Dynamic libraries:
0x00007ff73bb70000 - 0x00007ff73bb7e000 	C:\Program Files\eclipse\plugins\org.eclipse.justj.openjdk.hotspot.jre.full.win32.x86_64_17.0.1.v20211116-1657\jre\bin\javaw.exe
0x00007ffc701b0000 - 0x00007ffc703a5000 	C:\Windows\SYSTEM32\ntdll.dll
0x00007ffc6fee0000 - 0x00007ffc6ff9d000 	C:\Windows\System32\KERNEL32.DLL
0x00007ffc6d960000 - 0x00007ffc6dc2d000 	C:\Windows\System32\KERNELBASE.dll
0x00007ffc6dfb0000 - 0x00007ffc6e0b0000 	C:\Windows\System32\ucrtbase.dll
0x00007ffc694f0000 - 0x00007ffc69509000 	C:\Program Files\eclipse\plugins\org.eclipse.justj.openjdk.hotspot.jre.full.win32.x86_64_17.0.1.v20211116-1657\jre\bin\VCRUNTIME140.dll
0x00007ffc69510000 - 0x00007ffc69528000 	C:\Program Files\eclipse\plugins\org.eclipse.justj.openjdk.hotspot.jre.full.win32.x86_64_17.0.1.v20211116-1657\jre\bin\jli.dll
0x00007ffc6f3b0000 - 0x00007ffc6f550000 	C:\Windows\System32\USER32.dll
0x00007ffc6de20000 - 0x00007ffc6de42000 	C:\Windows\System32\win32u.dll
0x00007ffc6fb20000 - 0x00007ffc6fb4a000 	C:\Windows\System32\GDI32.dll
0x00007ffc6dc30000 - 0x00007ffc6dd3b000 	C:\Windows\System32\gdi32full.dll
0x00007ffc5a830000 - 0x00007ffc5aaca000 	C:\Windows\WinSxS\amd64_microsoft.windows.common-controls_6595b64144ccf1df_6.0.19041.1110_none_60b5254171f9507e\COMCTL32.dll
0x00007ffc6e160000 - 0x00007ffc6e1fd000 	C:\Windows\System32\msvcp_win.dll
0x00007ffc6fcb0000 - 0x00007ffc6fd4e000 	C:\Windows\System32\msvcrt.dll
0x00007ffc6fd50000 - 0x00007ffc6fd80000 	C:\Windows\System32\IMM32.DLL
0x00007ffc694d0000 - 0x00007ffc694dc000 	C:\Program Files\eclipse\plugins\org.eclipse.justj.openjdk.hotspot.jre.full.win32.x86_64_17.0.1.v20211116-1657\jre\bin\vcruntime140_1.dll
0x00007ffc5c010000 - 0x00007ffc5c0a1000 	C:\Program Files\eclipse\plugins\org.eclipse.justj.openjdk.hotspot.jre.full.win32.x86_64_17.0.1.v20211116-1657\jre\bin\msvcp140.dll
0x00007ffc30020000 - 0x00007ffc30c66000 	C:\Program Files\eclipse\plugins\org.eclipse.justj.openjdk.hotspot.jre.full.win32.x86_64_17.0.1.v20211116-1657\jre\bin\server\jvm.dll
0x00007ffc6e590000 - 0x00007ffc6e63e000 	C:\Windows\System32\ADVAPI32.dll
0x00007ffc6fb50000 - 0x00007ffc6fbec000 	C:\Windows\System32\sechost.dll
0x00007ffc6e3b0000 - 0x00007ffc6e4d5000 	C:\Windows\System32\RPCRT4.dll
0x00007ffc6f340000 - 0x00007ffc6f348000 	C:\Windows\System32\PSAPI.DLL
0x00007ffc54ea0000 - 0x00007ffc54ea9000 	C:\Windows\SYSTEM32\WSOCK32.dll
0x00007ffc61f90000 - 0x00007ffc61fb7000 	C:\Windows\SYSTEM32\WINMM.dll
0x00007ffc65ab0000 - 0x00007ffc65aba000 	C:\Windows\SYSTEM32\VERSION.dll
0x00007ffc70080000 - 0x00007ffc700eb000 	C:\Windows\System32\WS2_32.dll
0x00007ffc6b7e0000 - 0x00007ffc6b7f2000 	C:\Windows\SYSTEM32\kernel.appcore.dll
0x00007ffc5fe10000 - 0x00007ffc5fe1a000 	C:\Program Files\eclipse\plugins\org.eclipse.justj.openjdk.hotspot.jre.full.win32.x86_64_17.0.1.v20211116-1657\jre\bin\jimage.dll
0x00007ffc5d470000 - 0x00007ffc5d654000 	C:\Windows\SYSTEM32\DBGHELP.DLL
0x00007ffc4c570000 - 0x00007ffc4c59c000 	C:\Windows\SYSTEM32\dbgcore.DLL
0x00007ffc6dd40000 - 0x00007ffc6ddc2000 	C:\Windows\System32\bcryptPrimitives.dll
0x00007ffc5be80000 - 0x00007ffc5bea5000 	C:\Program Files\eclipse\plugins\org.eclipse.justj.openjdk.hotspot.jre.full.win32.x86_64_17.0.1.v20211116-1657\jre\bin\java.dll
0x00007ffc5bab0000 - 0x00007ffc5bac8000 	C:\Program Files\eclipse\plugins\org.eclipse.justj.openjdk.hotspot.jre.full.win32.x86_64_17.0.1.v20211116-1657\jre\bin\zip.dll
0x00007ffc6e770000 - 0x00007ffc6eeb4000 	C:\Windows\System32\SHELL32.dll
0x00007ffc6b9e0000 - 0x00007ffc6c174000 	C:\Windows\SYSTEM32\windows.storage.dll
0x00007ffc6f7b0000 - 0x00007ffc6fb04000 	C:\Windows\System32\combase.dll
0x00007ffc6d2b0000 - 0x00007ffc6d2dc000 	C:\Windows\SYSTEM32\Wldp.dll
0x00007ffc6f680000 - 0x00007ffc6f72d000 	C:\Windows\System32\SHCORE.dll
0x00007ffc6f350000 - 0x00007ffc6f3a5000 	C:\Windows\System32\shlwapi.dll
0x00007ffc6d800000 - 0x00007ffc6d81f000 	C:\Windows\SYSTEM32\profapi.dll
0x00007ffc41450000 - 0x00007ffc415de000 	C:\Program Files\eclipse\plugins\org.eclipse.justj.openjdk.hotspot.jre.full.win32.x86_64_17.0.1.v20211116-1657\jre\bin\awt.dll
0x00007ffc6fd80000 - 0x00007ffc6fe4d000 	C:\Windows\System32\OLEAUT32.dll
0x00007ffc6b160000 - 0x00007ffc6b1f0000 	C:\Windows\SYSTEM32\apphelp.dll
0x00007ffc6b600000 - 0x00007ffc6b62f000 	C:\Windows\system32\DWMAPI.DLL
0x00007ffc6b300000 - 0x00007ffc6b39e000 	C:\Windows\system32\uxtheme.dll
0x00007ffc3f3a0000 - 0x00007ffc3f4c6000 	C:\Windows\system32\opengl32.dll
0x00007ffc3ec40000 - 0x00007ffc3ec6c000 	C:\Windows\SYSTEM32\GLU32.dll
0x00007ffc6e650000 - 0x00007ffc6e765000 	C:\Windows\System32\MSCTF.dll
0x00007ffc3f520000 - 0x00007ffc3f5bc000 	C:\Windows\system32\IMGSF50Filter_x64.dll
0x00007ffc6f550000 - 0x00007ffc6f67a000 	C:\Windows\System32\ole32.dll
0x00007ffc600e0000 - 0x00007ffc602af000 	C:\Windows\system32\d3d9.dll
0x00007ffc64b00000 - 0x00007ffc64bb0000 	C:\Windows\System32\DriverStore\FileRepository\nv_dispsi.inf_amd64_207a6cc3059bae3d\nvldumdx.dll
0x00007ffc6d4b0000 - 0x00007ffc6d4c2000 	C:\Windows\SYSTEM32\msasn1.dll
0x00007ffc64ac0000 - 0x00007ffc64af1000 	C:\Windows\SYSTEM32\cryptnet.dll
0x00007ffc6de50000 - 0x00007ffc6dfa6000 	C:\Windows\System32\CRYPT32.dll
0x00007ffc64970000 - 0x00007ffc64ab8000 	C:\Windows\SYSTEM32\drvstore.dll
0x00007ffc6d670000 - 0x00007ffc6d69c000 	C:\Windows\SYSTEM32\devobj.dll
0x00007ffc6ddd0000 - 0x00007ffc6de1e000 	C:\Windows\System32\cfgmgr32.dll
0x00007ffc6d220000 - 0x00007ffc6d22c000 	C:\Windows\SYSTEM32\cryptbase.dll
0x00007ffc6d8c0000 - 0x00007ffc6d928000 	C:\Windows\System32\WINTRUST.DLL
0x00007ffc6f730000 - 0x00007ffc6f74d000 	C:\Windows\System32\imagehlp.dll
0x00007ffc6d200000 - 0x00007ffc6d218000 	C:\Windows\SYSTEM32\CRYPTSP.dll
0x00007ffc6c930000 - 0x00007ffc6c964000 	C:\Windows\system32\rsaenh.dll
0x00007ffc6d930000 - 0x00007ffc6d957000 	C:\Windows\System32\bcrypt.dll
0x00007ffc2c230000 - 0x00007ffc2d9b8000 	C:\Windows\System32\DriverStore\FileRepository\nv_dispsi.inf_amd64_207a6cc3059bae3d\nvd3dumx.dll
0x00007ffc171d0000 - 0x00007ffc17497000 	C:\Windows\system32\nvspcap64.dll
0x00007ffc6c5c0000 - 0x00007ffc6c5f3000 	C:\Windows\SYSTEM32\ntmarta.dll
0x00007ffc6c190000 - 0x00007ffc6c1b3000 	C:\Windows\SYSTEM32\gpapi.dll
0x00007ffc65ac0000 - 0x00007ffc65afb000 	C:\Windows\SYSTEM32\dxcore.dll

dbghelp: loaded successfully - version: 4.0.5 - missing functions: none
symbol engine: initialized successfully - sym options: 0x614 - pdb path: .;C:\Program Files\eclipse\plugins\org.eclipse.justj.openjdk.hotspot.jre.full.win32.x86_64_17.0.1.v20211116-1657\jre\bin;C:\Windows\SYSTEM32;C:\Windows\WinSxS\amd64_microsoft.windows.common-controls_6595b64144ccf1df_6.0.19041.1110_none_60b5254171f9507e;C:\Program Files\eclipse\plugins\org.eclipse.justj.openjdk.hotspot.jre.full.win32.x86_64_17.0.1.v20211116-1657\jre\bin\server;C:\Windows\System32\DriverStore\FileRepository\nv_dispsi.inf_amd64_207a6cc3059bae3d

VM Arguments:
jvm_args: -Dfile.encoding=EUC-KR -XX:+ShowCodeDetailsInExceptionMessages 
java_command: main.Main
java_class_path (initial): C:\Users\천쏛馳Downloads\kiosk-master\kiosk-master\kiosk\bin
Launcher Type: SUN_STANDARD

[Global flags]
     intx CICompilerCount                          = 4                                         {product} {ergonomic}
     uint ConcGCThreads                            = 3                                         {product} {ergonomic}
     uint G1ConcRefinementThreads                  = 10                                        {product} {ergonomic}
   size_t G1HeapRegionSize                         = 2097152                                   {product} {ergonomic}
    uintx GCDrainStackTargetSize                   = 64                                        {product} {ergonomic}
   size_t InitialHeapSize                          = 268435456                                 {product} {ergonomic}
   size_t MarkStackSize                            = 4194304                                   {product} {ergonomic}
   size_t MaxHeapSize                              = 4280287232                                {product} {ergonomic}
   size_t MaxNewSize                               = 2566914048                                {product} {ergonomic}
   size_t MinHeapDeltaBytes                        = 2097152                                   {product} {ergonomic}
   size_t MinHeapSize                              = 8388608                                   {product} {ergonomic}
    uintx NonNMethodCodeHeapSize                   = 5839372                                {pd product} {ergonomic}
    uintx NonProfiledCodeHeapSize                  = 122909434                              {pd product} {ergonomic}
    uintx ProfiledCodeHeapSize                     = 122909434                              {pd product} {ergonomic}
    uintx ReservedCodeCacheSize                    = 251658240                              {pd product} {ergonomic}
     bool SegmentedCodeCache                       = true                                      {product} {ergonomic}
     bool ShowCodeDetailsInExceptionMessages       = true                                   {manageable} {command line}
   size_t SoftMaxHeapSize                          = 4280287232                             {manageable} {ergonomic}
     bool UseCompressedClassPointers               = true                           {product lp64_product} {ergonomic}
     bool UseCompressedOops                        = true                           {product lp64_product} {ergonomic}
     bool UseG1GC                                  = true                                      {product} {ergonomic}
     bool UseLargePagesIndividualAllocation        = false                                  {pd product} {ergonomic}

Logging:
Log output configuration:
 #0: stdout all=warning uptime,level,tags
 #1: stderr all=off uptime,level,tags

Environment Variables:
PATH=C:/Program Files/eclipse//plugins/org.eclipse.justj.openjdk.hotspot.jre.full.win32.x86_64_17.0.1.v20211116-1657/jre/bin/server;C:/Program Files/eclipse//plugins/org.eclipse.justj.openjdk.hotspot.jre.full.win32.x86_64_17.0.1.v20211116-1657/jre/bin;C:\Program Files\Common Files\Oracle\Java\javapath;C:\Program Files (x86)\NAT Service;C:\Windows\system32;C:\Windows;C:\Windows\System32\Wbem;C:\Windows\System32\WindowsPowerShell\v1.0\;C:\Windows\System32\OpenSSH\;C:\Program Files (x86)\NVIDIA Corporation\PhysX\Common;C:\Program Files (x86)\Microsoft VS Code\bin;C:\Program Files\NVIDIA Corporation\NVIDIA NvDLISR;C:\Program Files\Microsoft SQL Server\120\Tools\Binn\;C:\Program Files\Common Files\Autodesk Shared\;C:\Program Files\dotnet\;C:\Program Files\Java\jdk-15.0.1\bin;C:\Users\천쏛馳AppData\Local\Programs\Python\Python310\Scripts\;C:\Users\천쏛馳AppData\Local\Programs\Python\Python310\;C:\Users\천쏛馳AppData\Local\Microsoft\WindowsApps;;C:\Users\천쏛馳AppData\Local\afreeca;C:\Users\천쏛馳AppData\Local\Programs\Microsoft VS Code\bin;C:\Program Files\eclipse;
USERNAME=천쏛
OS=Windows_NT
PROCESSOR_IDENTIFIER=Intel64 Family 6 Model 165 Stepping 5, GenuineIntel



---------------  S Y S T E M  ---------------

OS:
 Windows 10 , 64 bit Build 19041 (10.0.19041.1706)
OS uptime: 0 days 6:07 hours

CPU: total 12 (initial active 12) (6 cores per cpu, 2 threads per core) family 6 model 165 stepping 5 microcode 0xe2, cx8, cmov, fxsr, ht, mmx, 3dnowpref, sse, sse2, sse3, ssse3, sse4.1, sse4.2, popcnt, lzcnt, tsc, tscinvbit, avx, avx2, aes, erms, clmul, bmi1, bmi2, adx, fma, vzeroupper, clflush, clflushopt

Memory: 4k page, system-wide physical 16322M (6552M free)
TotalPageFile size 16322M (AvailPageFile size 4M)
current process WorkingSet (physical memory assigned to process): 96M, peak: 96M
current process commit charge ("private bytes"): 379M, peak: 379M

vm_info: OpenJDK 64-Bit Server VM (17.0.1+12) for windows-amd64 JRE (17.0.1+12), built on Oct 20 2021 07:42:55 by "" with MS VC++ 16.7 (VS2019)

END.
